<?xml version="1.0" encoding="UTF-8"?>
<!-- Generated by org.testng.reporters.JUnitReportReporter -->
<testsuite skipped="0" hostname="Lenovo" name="org.testing.Task2" tests="1" failures="0" timestamp="21 Jan 2021 19:05:29 GMT" time="28.809" errors="0">
  <testcase name="tc1" time="28.809" classname="org.testing.Task2"/>
</testsuite> <!-- org.testing.Task2 -->
